 
 University of Bristol ACRC HPC Bluepebble Service
 -------------------------------------------------
 Job news_tls, jobid 1354053.bp1, username hs20307 - started execution at 19:57:25 Mon 12/04/21 on node bp1-gpu00001.data.bp.acrc.priv
 
topic 1/17: EgyptianProtest_cnn, ref timeline 1/1
name = EgyptianProtest_cnn start = 2011-01-25 00:00:00 end = 2011-02-13 00:00:00
lda topics...
(0, '0.017*"say" + 0.013*"egypt" + 0.010*"people" + 0.009*"mubarak" + 0.009*"president" + 0.009*"government" + 0.007*"state" + 0.007*"egyptian" + 0.007*"cairo" + 0.007*"protest"')
(1, '0.020*"say" + 0.012*"mubarak" + 0.012*"egypt" + 0.012*"people" + 0.010*"protest" + 0.010*"president" + 0.010*"government" + 0.009*"egyptian" + 0.009*"protesters" + 0.006*"right"')
(2, '0.013*"people" + 0.013*"say" + 0.007*"cairo" + 0.007*"egypt" + 0.006*"mubarak" + 0.006*"update" + 0.006*"report" + 0.005*"state" + 0.004*"government" + 0.004*"wednesday"')
(3, '0.014*"think" + 0.013*"zakaria" + 0.012*"people" + 0.008*"go" + 0.008*"egypt" + 0.007*"know" + 0.007*"state" + 0.006*"bank" + 0.006*"look" + 0.005*"need"')
(4, '0.010*"say" + 0.009*"protest" + 0.009*"president" + 0.006*"people" + 0.006*"egypt" + 0.006*"levy" + 0.005*"right" + 0.005*"chandra" + 0.005*"time" + 0.004*"state"')
(5, '0.010*"say" + 0.010*"people" + 0.007*"egypt" + 0.007*"february" + 0.005*"like" + 0.005*"report" + 0.005*"state" + 0.005*"believe" + 0.005*"service" + 0.005*"mubarak"')
(6, '0.015*"say" + 0.012*"egypt" + 0.010*"journalists" + 0.009*"think" + 0.009*"people" + 0.007*"go" + 0.007*"egyptian" + 0.007*"mubarak" + 0.006*"state" + 0.006*"news"')
(7, '0.022*"pleitgen" + 0.022*"frederik" + 0.021*"update" + 0.016*"report" + 0.007*"german" + 0.006*"say" + 0.005*"people" + 0.005*"security" + 0.005*"egypt" + 0.004*"government"')
(8, '0.017*"say" + 0.010*"egypt" + 0.008*"protest" + 0.007*"bank" + 0.006*"mubarak" + 0.006*"president" + 0.005*"cairo" + 0.005*"egyptian" + 0.005*"want" + 0.005*"sunday"')
(9, '0.019*"egypt" + 0.015*"mubarak" + 0.011*"people" + 0.010*"say" + 0.008*"egyptian" + 0.007*"president" + 0.006*"protest" + 0.006*"think" + 0.006*"government" + 0.006*"go"')
(10, '0.018*"say" + 0.010*"mubarak" + 0.010*"president" + 0.009*"government" + 0.008*"egypt" + 0.007*"state" + 0.007*"egyptian" + 0.007*"people" + 0.006*"square" + 0.005*"cairo"')
(11, '0.021*"people" + 0.013*"know" + 0.013*"go" + 0.012*"egypt" + 0.012*"mubarak" + 0.010*"think" + 0.009*"want" + 0.009*"president" + 0.009*"right" + 0.008*"say"')
(12, '0.018*"say" + 0.015*"egypt" + 0.007*"government" + 0.007*"people" + 0.006*"hezbollah" + 0.005*"mubarak" + 0.005*"president" + 0.005*"iran" + 0.004*"protesters" + 0.004*"force"')
(13, '0.013*"think" + 0.013*"say" + 0.011*"know" + 0.009*"kurtz" + 0.009*"people" + 0.008*"like" + 0.007*"go" + 0.007*"story" + 0.007*"time" + 0.006*"post"')
(14, '0.017*"egypt" + 0.016*"people" + 0.011*"mubarak" + 0.011*"go" + 0.010*"say" + 0.010*"president" + 0.009*"think" + 0.008*"know" + 0.008*"right" + 0.007*"government"')
(15, '0.016*"mubarak" + 0.015*"say" + 0.015*"egypt" + 0.012*"egyptian" + 0.012*"president" + 0.010*"people" + 0.010*"cairo" + 0.009*"government" + 0.008*"state" + 0.008*"january"')
(16, '0.018*"say" + 0.014*"egypt" + 0.012*"cairo" + 0.012*"mubarak" + 0.011*"president" + 0.008*"egyptian" + 0.008*"state" + 0.007*"square" + 0.007*"people" + 0.006*"report"')
(17, '0.007*"say" + 0.006*"mubarak" + 0.005*"egypt" + 0.005*"people" + 0.004*"state" + 0.003*"go" + 0.003*"cairo" + 0.003*"president" + 0.003*"think" + 0.003*"want"')
(18, '0.006*"egypt" + 0.005*"say" + 0.004*"mubarak" + 0.004*"people" + 0.004*"president" + 0.004*"think" + 0.004*"go" + 0.003*"military" + 0.003*"time" + 0.003*"egyptian"')
(19, '0.009*"people" + 0.009*"reddit" + 0.008*"tantawi" + 0.007*"site" + 0.007*"egypt" + 0.006*"cable" + 0.006*"mubarak" + 0.005*"military" + 0.005*"egyptian" + 0.005*"know"')
hdp topics...
(0, '0.010*people + 0.009*say + 0.008*egypt + 0.006*mubarak + 0.005*go + 0.005*president + 0.005*cairo + 0.004*egyptian + 0.004*right + 0.004*state')
(1, '0.013*say + 0.010*egypt + 0.010*cairo + 0.009*mubarak + 0.008*president + 0.007*government + 0.007*egyptian + 0.006*people + 0.006*update + 0.005*protesters')
(2, '0.010*people + 0.009*think + 0.007*egypt + 0.007*go + 0.007*know + 0.005*say + 0.005*look + 0.005*president + 0.005*mubarak + 0.004*want')
(3, '0.008*egypt + 0.006*people + 0.006*say + 0.006*mubarak + 0.005*president + 0.004*egyptian + 0.004*government + 0.004*go + 0.003*right + 0.003*think')
(4, '0.006*say + 0.005*egypt + 0.005*mubarak + 0.005*people + 0.003*allah + 0.003*president + 0.003*blitzer + 0.003*go + 0.003*egyptian + 0.003*government')
(5, '0.007*egypt + 0.007*january + 0.006*people + 0.005*think + 0.005*need + 0.005*mubarak + 0.004*world + 0.004*president + 0.004*right + 0.003*country')
(6, '0.009*people + 0.006*egypt + 0.005*know + 0.005*want + 0.004*think + 0.004*say + 0.004*go + 0.004*egyptian + 0.003*tell + 0.003*need')
(7, '0.008*think + 0.006*kurtz + 0.005*know + 0.005*people + 0.005*story + 0.005*go + 0.004*say + 0.004*like + 0.004*time + 0.004*egypt')
(8, '0.007*egypt + 0.007*people + 0.006*say + 0.006*mubarak + 0.005*president + 0.004*egyptian + 0.004*go + 0.004*cairo + 0.004*right + 0.004*military')
(9, '0.005*people + 0.005*say + 0.004*kurtz + 0.004*egypt + 0.004*go + 0.003*think + 0.003*like + 0.002*state + 0.002*jazeera + 0.002*right')
(10, '0.007*mubarak + 0.006*egypt + 0.005*president + 0.005*say + 0.003*people + 0.003*go + 0.003*egyptian + 0.003*state + 0.002*government + 0.002*cairo')
(11, '0.005*people + 0.005*egypt + 0.004*mubarak + 0.003*say + 0.003*president + 0.003*anderson + 0.003*egyptian + 0.003*cairo + 0.003*square + 0.003*world')
(12, '0.003*president + 0.003*know + 0.003*tunisia + 0.003*people + 0.003*phillips + 0.003*right + 0.003*update + 0.002*egypt + 0.002*go + 0.002*say')
(13, '0.007*egypt + 0.005*people + 0.004*president + 0.004*mubarak + 0.003*go + 0.003*say + 0.003*right + 0.003*government + 0.003*time + 0.002*hosni')
(14, '0.005*say + 0.005*crowley + 0.004*egypt + 0.004*people + 0.004*think + 0.004*mubarak + 0.003*egyptian + 0.003*right + 0.003*president + 0.003*go')
(15, '0.008*people + 0.005*egypt + 0.004*mubarak + 0.004*go + 0.004*military + 0.004*think + 0.003*know + 0.003*right + 0.003*egyptian + 0.003*say')
(16, '0.006*egypt + 0.006*say + 0.005*cairo + 0.005*mubarak + 0.004*state + 0.004*president + 0.003*monday + 0.003*update + 0.002*people + 0.002*tell')
(17, '0.004*blitzer + 0.004*president + 0.003*egypt + 0.003*right + 0.003*mubarak + 0.003*crowley + 0.003*go + 0.002*say + 0.002*want + 0.002*know')
(18, '0.005*cooper + 0.005*people + 0.005*go + 0.004*know + 0.003*mubarak + 0.002*want + 0.002*country + 0.002*today + 0.002*cairo + 0.002*think')
(19, '0.004*people + 0.003*say + 0.002*thank + 0.002*believe + 0.002*abuse + 0.002*report + 0.002*february + 0.002*like + 0.002*actually + 0.002*game')
clustering articles...
times: 20 articles: 218 clusters: 11
[ 1  1  0  1  1  1  1  1  1  2  1  2  2  2  1  1  2  1  2  2  1  1  3  3
  2  2  2  3  2  3  2  2  3  3  3  3  2  2  3  3  3  3  3  3  3  3  3  3
  3  3  3  3  3  3  3  3  3  3  3  3  3  4  4  4  3  4  4  4  4  4  4  4
  3  4  4  5  4  4  4  4  4  5  4  4  4  4  4  4  5  5  4  4  4  4  4  4
  5  4  4  5  5  5  5  5  5  5  5  5  5  5  7  7  7  7  7  7  7  7  7  7
  6  7  7  7  7  7  7  7  7  7  7  7  7  7  7  7  7  7  7  7  7  7  8  8
  8  8  8  8  8  8  8  8  8  8  8  8  8  8  8  8  8  8  8  9  9  9  9  9
  9  9  9  9  9  9  9  9  9  9  9  9  9  9  9  9  9 10  9 10  9 10 10 10
 10  9  9  9  9  9  9  9  9 10 10 10 10 10 10 10 10 10 10 10 10 10 10 10
 10 10]
[  2   6  19  49  85  96 120 131 154 177 205]
6 [0, 1, 3, 4, 5, 6, 7, 8, 10, 14, 15, 17, 20, 21]
2 [2]
19 [9, 11, 12, 13, 16, 18, 19, 24, 25, 26, 28, 30, 31, 36, 37]
49 [22, 23, 27, 29, 32, 33, 34, 35, 38, 39, 40, 41, 42, 43, 44, 45, 46, 47, 48, 49, 50, 51, 52, 53, 54, 55, 56, 57, 58, 59, 60, 64, 72]
85 [61, 62, 63, 65, 66, 67, 68, 69, 70, 71, 73, 74, 76, 77, 78, 79, 80, 82, 83, 84, 85, 86, 87, 90, 91, 92, 93, 94, 95, 97, 98]
96 [75, 81, 88, 89, 96, 99, 100, 101, 102, 103, 104, 105, 106, 107, 108, 109]
131 [110, 111, 112, 113, 114, 115, 116, 117, 118, 119, 121, 122, 123, 124, 125, 126, 127, 128, 129, 130, 131, 132, 133, 134, 135, 136, 137, 138, 139, 140, 141]
120 [120]
154 [142, 143, 144, 145, 146, 147, 148, 149, 150, 151, 152, 153, 154, 155, 156, 157, 158, 159, 160, 161, 162]
177 [163, 164, 165, 166, 167, 168, 169, 170, 171, 172, 173, 174, 175, 176, 177, 178, 179, 180, 181, 182, 183, 184, 186, 188, 193, 194, 195, 196, 197, 198, 199, 200]
205 [185, 187, 189, 190, 191, 192, 201, 202, 203, 204, 205, 206, 207, 208, 209, 210, 211, 212, 213, 214, 215, 216, 217]
[['say', 'protest', 'government'], ['protesters', 'protest', 'say'], ['update', 'report', 'say'], ['zakaria', 'think', 'look'], ['protest', 'levy', 'chandra'], ['february', 'believe', 'service'], ['journalists', 'news', 'think'], ['pleitgen', 'frederik', 'update'], ['bank', 'say', 'protest'], ['egypt', 'mubarak', 'protest'], ['say', 'square', 'government'], ['know', 'go', 'want'], ['hezbollah', 'say', 'iran'], ['kurtz', 'know', 'think'], ['go', 'right', 'know'], ['january', 'egyptian', 'cairo'], ['cairo', 'square', 'say'], ['want', 'say', 'mubarak'], ['military', 'time', 'go'], ['reddit', 'tantawi', 'site']]
weighted similarity between topics and clusters...
[[ 0.00696504  0.01010535  0.00186398 -0.0041024  -0.00030327 -0.00072391
   0.0017709  -0.0052231   0.00400349  0.0071276   0.00407528 -0.00303387
   0.0047128  -0.00925055  0.00024029  0.00837418  0.00604028  0.00067157
   0.00030826  0.00042634]
 [ 0.04456439  0.05119897  0.03422151  0.04188293  0.03231978  0.03107045
   0.04237294  0.04628892  0.03365629  0.04314324  0.04173499  0.05884849
   0.0366021   0.04892543  0.05408072  0.05196955  0.04802807  0.02007972
   0.02004069  0.03257035]
 [ 0.00784413  0.01046133  0.00688659  0.00296726  0.00472168  0.00552471
   0.0058216   0.01117081  0.00620412  0.00649742  0.00688485  0.00661897
   0.00570207  0.00410031  0.00664156  0.00797678  0.00781352  0.00296054
   0.00229052  0.0025918 ]
 [ 0.00645835  0.00834986  0.0018814  -0.00438913 -0.00099573 -0.00112
   0.00161315 -0.00424484  0.00367834  0.0069618   0.00424117 -0.00234967
   0.00379656 -0.00908746  0.00083311  0.00876875  0.00620286  0.00098076
   0.00072481 -0.00021214]
 [ 0.01154258  0.0141657   0.00593336  0.0010821   0.00332769  0.00331482
   0.00657197  0.00290522  0.00767482  0.0118415   0.0092575   0.00525271
   0.00800846 -0.00174413  0.00756568  0.01392468  0.01122531  0.00348101
   0.00335864  0.00381807]
 [ 0.0093591   0.01196005  0.00422703 -0.0015416   0.00101943  0.00137308
   0.00424106 -0.00135386  0.00667174  0.01023804  0.00726879  0.00302931
   0.00649463 -0.00498375  0.00522042  0.01246562  0.01007842  0.00274258
   0.00241057  0.00249598]
 [ 0.00604269  0.00815156  0.00191976 -0.00409946 -0.00097312 -0.00124161
   0.00142302 -0.00457688  0.00347895  0.00630217  0.00400002 -0.00127197
   0.00386838 -0.0083567   0.00136746  0.008356    0.00599556  0.00105597
   0.00051541  0.00030821]
 [ 0.04456439  0.05119897  0.03422151  0.04188293  0.03231978  0.03107045
   0.04237294  0.04628892  0.03365629  0.04314324  0.04173499  0.05884849
   0.0366021   0.04892543  0.05408072  0.05196955  0.04802807  0.02007972
   0.02004069  0.03257035]
 [ 0.01618342  0.01859791  0.01149362  0.00656867  0.00764931  0.00788491
   0.01168997  0.01478168  0.01186015  0.01531486  0.01403479  0.01231205
   0.01215552  0.00640707  0.01369743  0.02019761  0.01793802  0.00594297
   0.00539207  0.00780362]
 [ 0.00842036  0.01104664  0.00383194 -0.0018103   0.00071914  0.00106506
   0.00363003 -0.00125563  0.00577035  0.00913317  0.00621002  0.00192449
   0.00602278 -0.00498156  0.00426564  0.01067172  0.00840176  0.00234779
   0.00189345  0.00151069]
 [ 0.01266193  0.015829    0.00792457  0.00202919  0.00541688  0.00523182
   0.00790486  0.00886525  0.00851328  0.01121321  0.01052437  0.00625466
   0.00927562  0.00078095  0.00837755  0.0148583   0.01264405  0.00376329
   0.00311727  0.00459955]]
assigning cluster times...
ranking clusters...
vectorizing sentences...
summarization...
[<news_tls.data.Sentence object at 0x2b6347881760>, <news_tls.data.Sentence object at 0x2b6347881ee0>, <news_tls.data.Sentence object at 0x2b632ca9c610>, <news_tls.data.Sentence object at 0x2b632ca9cca0>, <news_tls.data.Sentence object at 0x2b632ca92400>, <news_tls.data.Sentence object at 0x2b632ca86ee0>, <news_tls.data.Sentence object at 0x2b632ca7c430>, <news_tls.data.Sentence object at 0x2b632ca7c6a0>, <news_tls.data.Sentence object at 0x2b632ca7cc10>, <news_tls.data.Sentence object at 0x2b632ca7cc40>, <news_tls.data.Sentence object at 0x2b632cd758e0>, <news_tls.data.Sentence object at 0x2b632cd75880>, <news_tls.data.Sentence object at 0x2b632cd75b20>, <news_tls.data.Sentence object at 0x2b632cd75dc0>, <news_tls.data.Sentence object at 0x2b632afb54c0>, <news_tls.data.Sentence object at 0x2b63408e7f70>, <news_tls.data.Sentence object at 0x2b63408d5580>, <news_tls.data.Sentence object at 0x2b63408d5c40>, <news_tls.data.Sentence object at 0x2b63408d5eb0>, <news_tls.data.Sentence object at 0x2b63408d5f40>, <news_tls.data.Sentence object at 0x2b634011bbe0>, <news_tls.data.Sentence object at 0x2b634011bc40>, <news_tls.data.Sentence object at 0x2b634011bf40>, <news_tls.data.Sentence object at 0x2b634010b190>, <news_tls.data.Sentence object at 0x2b634010b580>, <news_tls.data.Sentence object at 0x2b632d662280>, <news_tls.data.Sentence object at 0x2b632d6622e0>, <news_tls.data.Sentence object at 0x2b632d662760>, <news_tls.data.Sentence object at 0x2b632d662a90>, <news_tls.data.Sentence object at 0x2b632d662e20>, <news_tls.data.Sentence object at 0x2b632d63b970>, <news_tls.data.Sentence object at 0x2b632d63bd30>, <news_tls.data.Sentence object at 0x2b632d65b160>, <news_tls.data.Sentence object at 0x2b632d65b8b0>, <news_tls.data.Sentence object at 0x2b632d65b940>, <news_tls.data.Sentence object at 0x2b632d299e20>, <news_tls.data.Sentence object at 0x2b632d282220>, <news_tls.data.Sentence object at 0x2b632d2822b0>, <news_tls.data.Sentence object at 0x2b632d2823d0>, <news_tls.data.Sentence object at 0x2b632d282fa0>, <news_tls.data.Sentence object at 0x2b632b41e880>, <news_tls.data.Sentence object at 0x2b632be64190>, <news_tls.data.Sentence object at 0x2b632be64940>, <news_tls.data.Sentence object at 0x2b632be441f0>, <news_tls.data.Sentence object at 0x2b632be44460>, <news_tls.data.Sentence object at 0x2b632d28a8b0>, <news_tls.data.Sentence object at 0x2b632d28aac0>, <news_tls.data.Sentence object at 0x2b632d28abe0>, <news_tls.data.Sentence object at 0x2b632b4192b0>, <news_tls.data.Sentence object at 0x2b632b4199d0>, <news_tls.data.Sentence object at 0x2b632b40a670>, <news_tls.data.Sentence object at 0x2b632b40ac10>, <news_tls.data.Sentence object at 0x2b632b404700>, <news_tls.data.Sentence object at 0x2b632b404b20>, <news_tls.data.Sentence object at 0x2b632b40c100>, <news_tls.data.Sentence object at 0x2b632b4019d0>, <news_tls.data.Sentence object at 0x2b632b401c70>, <news_tls.data.Sentence object at 0x2b632b401eb0>, <news_tls.data.Sentence object at 0x2b6340240460>, <news_tls.data.Sentence object at 0x2b63402406d0>, <news_tls.data.Sentence object at 0x2b632f0bd6d0>, <news_tls.data.Sentence object at 0x2b632f0bdf10>, <news_tls.data.Sentence object at 0x2b632b3fc460>, <news_tls.data.Sentence object at 0x2b632b3fca00>, <news_tls.data.Sentence object at 0x2b632b3fce50>, <news_tls.data.Sentence object at 0x2b634010c1f0>, <news_tls.data.Sentence object at 0x2b634010c4f0>, <news_tls.data.Sentence object at 0x2b634010c5b0>, <news_tls.data.Sentence object at 0x2b634010c910>, <news_tls.data.Sentence object at 0x2b634010cc40>, <news_tls.data.Sentence object at 0x2b632f0d0a90>, <news_tls.data.Sentence object at 0x2b632f0d0dc0>, <news_tls.data.Sentence object at 0x2b632f0c8880>, <news_tls.data.Sentence object at 0x2b632f0c8d90>, <news_tls.data.Sentence object at 0x2b632f0ed340>, <news_tls.data.Sentence object at 0x2b632f0b8760>, <news_tls.data.Sentence object at 0x2b632f0b88e0>, <news_tls.data.Sentence object at 0x2b632f0b8c70>, <news_tls.data.Sentence object at 0x2b634026d220>, <news_tls.data.Sentence object at 0x2b634026d790>, <news_tls.data.Sentence object at 0x2b632cf10e80>, <news_tls.data.Sentence object at 0x2b632aa23070>, <news_tls.data.Sentence object at 0x2b632aa23160>, <news_tls.data.Sentence object at 0x2b632aa23b20>, <news_tls.data.Sentence object at 0x2b632aa235e0>, <news_tls.data.Sentence object at 0x2b632c291910>, <news_tls.data.Sentence object at 0x2b632c291af0>, <news_tls.data.Sentence object at 0x2b632c291d90>, <news_tls.data.Sentence object at 0x2b6343559520>, <news_tls.data.Sentence object at 0x2b6343559a30>, <news_tls.data.Sentence object at 0x2b6343576f40>, <news_tls.data.Sentence object at 0x2b63481af2e0>, <news_tls.data.Sentence object at 0x2b63481af760>, <news_tls.data.Sentence object at 0x2b63481afb20>, <news_tls.data.Sentence object at 0x2b63481be310>, <news_tls.data.Sentence object at 0x2b63481be700>, <news_tls.data.Sentence object at 0x2b63481beaf0>, <news_tls.data.Sentence object at 0x2b63481bee80>, <news_tls.data.Sentence object at 0x2b632a9fd1c0>, <news_tls.data.Sentence object at 0x2b632f39fa90>, <news_tls.data.Sentence object at 0x2b632f39fac0>, <news_tls.data.Sentence object at 0x2b632f39fc70>, <news_tls.data.Sentence object at 0x2b632a9fb070>, <news_tls.data.Sentence object at 0x2b632a9fb1c0>, <news_tls.data.Sentence object at 0x2b632ff31670>, <news_tls.data.Sentence object at 0x2b632ff31df0>, <news_tls.data.Sentence object at 0x2b632ff31fd0>, <news_tls.data.Sentence object at 0x2b632a636160>, <news_tls.data.Sentence object at 0x2b632a6362e0>, <news_tls.data.Sentence object at 0x2b6340fe6e20>, <news_tls.data.Sentence object at 0x2b6340fe6fd0>, <news_tls.data.Sentence object at 0x2b632a63e3a0>, <news_tls.data.Sentence object at 0x2b632a63e850>, <news_tls.data.Sentence object at 0x2b632a63ed00>, <news_tls.data.Sentence object at 0x2b63429a2df0>, <news_tls.data.Sentence object at 0x2b63429a2fd0>, <news_tls.data.Sentence object at 0x2b632f191220>, <news_tls.data.Sentence object at 0x2b632f191400>, <news_tls.data.Sentence object at 0x2b632f191730>, <news_tls.data.Sentence object at 0x2b6340018970>, <news_tls.data.Sentence object at 0x2b6340018c40>, <news_tls.data.Sentence object at 0x2b632fa53d00>, <news_tls.data.Sentence object at 0x2b63429b1220>, <news_tls.data.Sentence object at 0x2b63429b15e0>, <news_tls.data.Sentence object at 0x2b6340730d30>, <news_tls.data.Sentence object at 0x2b6340730cd0>, <news_tls.data.Sentence object at 0x2b63400254c0>, <news_tls.data.Sentence object at 0x2b6340025730>, <news_tls.data.Sentence object at 0x2b6340025a30>, <news_tls.data.Sentence object at 0x2b632d95dd30>, <news_tls.data.Sentence object at 0x2b632d95df40>, <news_tls.data.Sentence object at 0x2b63471a1280>, <news_tls.data.Sentence object at 0x2b63471a1820>, <news_tls.data.Sentence object at 0x2b63471a1c10>, <news_tls.data.Sentence object at 0x2b632db0d4c0>, <news_tls.data.Sentence object at 0x2b632db0d5e0>, <news_tls.data.Sentence object at 0x2b632db0dca0>, <news_tls.data.Sentence object at 0x2b632d9511f0>, <news_tls.data.Sentence object at 0x2b632d951b80>, <news_tls.data.Sentence object at 0x2b63456f8760>, <news_tls.data.Sentence object at 0x2b63456f8eb0>, <news_tls.data.Sentence object at 0x2b63456f8fd0>, <news_tls.data.Sentence object at 0x2b634552a370>, <news_tls.data.Sentence object at 0x2b634552a4c0>, <news_tls.data.Sentence object at 0x2b632c430c70>, <news_tls.data.Sentence object at 0x2b632c430f10>, <news_tls.data.Sentence object at 0x2b632ac72700>, <news_tls.data.Sentence object at 0x2b632ac72af0>, <news_tls.data.Sentence object at 0x2b632ee94070>, <news_tls.data.Sentence object at 0x2b634638ab20>, <news_tls.data.Sentence object at 0x2b634638adc0>, <news_tls.data.Sentence object at 0x2b63427c94c0>, <news_tls.data.Sentence object at 0x2b63427c9a30>, <news_tls.data.Sentence object at 0x2b63427c9f40>, <news_tls.data.Sentence object at 0x2b6345569f40>, <news_tls.data.Sentence object at 0x2b6343853190>, <news_tls.data.Sentence object at 0x2b6343853580>, <news_tls.data.Sentence object at 0x2b63438539d0>, <news_tls.data.Sentence object at 0x2b6343853f70>, <news_tls.data.Sentence object at 0x2b6348172d30>, <news_tls.data.Sentence object at 0x2b6346806190>, <news_tls.data.Sentence object at 0x2b6346806880>, <news_tls.data.Sentence object at 0x2b6346806fd0>, <news_tls.data.Sentence object at 0x2b63479cf520>]
